# JRE version: OpenJDK Runtime Environment Temurin-17.0.11+9 (17.0.11+9) (build 17.0.11+9)
# Java VM: OpenJDK Client VM Temurin-17.0.11+9 (17.0.11+9, mixed mode, emulated-client, serial gc, windows-x86)
GC Precious Log:
 CPUs: 16 total, 16 available
 Memory: 15706M
 Large Page Support: Disabled
 NUMA Support: Disabled
 Compressed Oops: Disabled
 Heap Min Capacity: 6M
 Heap Initial Capacity: 16M
 Heap Max Capacity: 1536M
 Pre-touch: Disabled
Heap:
 def new generation   total 138880K, used 42377K [0x05800000, 0x0eeb0000, 0x25800000)
  eden space 123456K,  26% used [0x05800000, 0x077995e0, 0x0d090000)
  from space 15424K,  64% used [0x0dfa0000, 0x0e968ea0, 0x0eeb0000)
  to   space 15424K,   0% used [0x0d090000, 0x0d090000, 0x0dfa0000)
 tenured generation   total 306516K, used 265535K [0x25800000, 0x38355000, 0x65800000)
   the space 306516K,  86% used [0x25800000, 0x35b4fda8, 0x35b4fe00, 0x38355000)
 Metaspace       used 97077K, committed 97600K, reserved 98304K
GC Heap History (20 events):
Event: 105.458 GC heap before
{Heap before GC invocations=141 (full 6):
 def new generation   total 80448K, used 80448K [0x05800000, 0x0af40000, 0x25800000)
  eden space 71552K, 100% used [0x05800000, 0x09de0000, 0x09de0000)
  from space 8896K, 100% used [0x09de0000, 0x0a690000, 0x0a690000)
  to   space 8896K,   0% used [0x0a690000, 0x0a690000, 0x0af40000)
 tenured generation   total 176652K, used 157387K [0x25800000, 0x30483000, 0x65800000)
   the space 176652K,  89% used [0x25800000, 0x2f1b2ca8, 0x2f1b2e00, 0x30483000)
 Metaspace       used 89533K, committed 89984K, reserved 98304K
}
Event: 105.531 GC heap after
{Heap after GC invocations=142 (full 6):
 def new generation   total 80448K, used 8895K [0x05800000, 0x0af40000, 0x25800000)
  eden space 71552K,   0% used [0x05800000, 0x05800000, 0x09de0000)
  from space 8896K,  99% used [0x0a690000, 0x0af3fff8, 0x0af40000)
  to   space 8896K,   0% used [0x09de0000, 0x09de0000, 0x0a690000)
 tenured generation   total 176652K, used 171744K [0x25800000, 0x30483000, 0x65800000)
   the space 176652K,  97% used [0x25800000, 0x2ffb8160, 0x2ffb8200, 0x30483000)
 Metaspace       used 89533K, committed 89984K, reserved 98304K
}
Event: 105.692 GC heap before
{Heap before GC invocations=142 (full 6):
 def new generation   total 80448K, used 80447K [0x05800000, 0x0af40000, 0x25800000)
  eden space 71552K, 100% used [0x05800000, 0x09de0000, 0x09de0000)
  from space 8896K,  99% used [0x0a690000, 0x0af3fff8, 0x0af40000)
  to   space 8896K,   0% used [0x09de0000, 0x09de0000, 0x0a690000)
 tenured generation   total 176652K, used 171744K [0x25800000, 0x30483000, 0x65800000)
   the space 176652K,  97% used [0x25800000, 0x2ffb8160, 0x2ffb8200, 0x30483000)
 Metaspace       used 89562K, committed 90048K, reserved 98304K
}
Event: 105.785 GC heap after
{Heap after GC invocations=143 (full 6):
 def new generation   total 80448K, used 8896K [0x05800000, 0x0af40000, 0x25800000)
  eden space 71552K,   0% used [0x05800000, 0x05800000, 0x09de0000)
  from space 8896K, 100% used [0x09de0000, 0x0a690000, 0x0a690000)
  to   space 8896K,   0% used [0x0a690000, 0x0a690000, 0x0af40000)
 tenured generation   total 188940K, used 188937K [0x25800000, 0x31083000, 0x65800000)
   the space 188940K,  99% used [0x25800000, 0x31082628, 0x31082800, 0x31083000)
 Metaspace       used 89562K, committed 90048K, reserved 98304K
}
Event: 105.785 GC heap before
{Heap before GC invocations=143 (full 6):
 def new generation   total 80448K, used 8896K [0x05800000, 0x0af40000, 0x25800000)
  eden space 71552K,   0% used [0x05800000, 0x05800000, 0x09de0000)
  from space 8896K, 100% used [0x09de0000, 0x0a690000, 0x0a690000)
  to   space 8896K,   0% used [0x0a690000, 0x0a690000, 0x0af40000)
 tenured generation   total 188940K, used 188937K [0x25800000, 0x31083000, 0x65800000)
   the space 188940K,  99% used [0x25800000, 0x31082628, 0x31082800, 0x31083000)
 Metaspace       used 89562K, committed 90048K, reserved 98304K
}
Event: 106.090 GC heap after
{Heap after GC invocations=143 (full 7):
 def new generation   total 138880K, used 0K [0x05800000, 0x0eeb0000, 0x25800000)
  eden space 123456K,   0% used [0x05800000, 0x05800000, 0x0d090000)
  from space 15424K,   0% used [0x0d090000, 0x0d090000, 0x0dfa0000)
  to   space 15424K,   0% used [0x0dfa0000, 0x0dfa0000, 0x0eeb0000)
 tenured generation   total 306516K, used 183909K [0x25800000, 0x38355000, 0x65800000)
   the space 306516K,  59% used [0x25800000, 0x30b99648, 0x30b99800, 0x38355000)
 Metaspace       used 89544K, committed 90048K, reserved 98304K
}
Event: 106.444 GC heap before
{Heap before GC invocations=143 (full 7):
 def new generation   total 138880K, used 123456K [0x05800000, 0x0eeb0000, 0x25800000)
  eden space 123456K, 100% used [0x05800000, 0x0d090000, 0x0d090000)
  from space 15424K,   0% used [0x0d090000, 0x0d090000, 0x0dfa0000)
  to   space 15424K,   0% used [0x0dfa0000, 0x0dfa0000, 0x0eeb0000)
 tenured generation   total 306516K, used 183909K [0x25800000, 0x38355000, 0x65800000)
   the space 306516K,  59% used [0x25800000, 0x30b99648, 0x30b99800, 0x38355000)
 Metaspace       used 89544K, committed 90048K, reserved 98304K
}
Event: 106.547 GC heap after
{Heap after GC invocations=144 (full 7):
 def new generation   total 138880K, used 15423K [0x05800000, 0x0eeb0000, 0x25800000)
  eden space 123456K,   0% used [0x05800000, 0x05800000, 0x0d090000)
  from space 15424K,  99% used [0x0dfa0000, 0x0eeafff8, 0x0eeb0000)
  to   space 15424K,   0% used [0x0d090000, 0x0d090000, 0x0dfa0000)
 tenured generation   total 306516K, used 197234K [0x25800000, 0x38355000, 0x65800000)
   the space 306516K,  64% used [0x25800000, 0x3189c9b8, 0x3189ca00, 0x38355000)
 Metaspace       used 89544K, committed 90048K, reserved 98304K
}
Event: 107.034 GC heap before
{Heap before GC invocations=144 (full 7):
 def new generation   total 138880K, used 138879K [0x05800000, 0x0eeb0000, 0x25800000)
  eden space 123456K, 100% used [0x05800000, 0x0d090000, 0x0d090000)
  from space 15424K,  99% used [0x0dfa0000, 0x0eeafff8, 0x0eeb0000)
  to   space 15424K,   0% used [0x0d090000, 0x0d090000, 0x0dfa0000)
 tenured generation   total 306516K, used 197234K [0x25800000, 0x38355000, 0x65800000)
   the space 306516K,  64% used [0x25800000, 0x3189c9b8, 0x3189ca00, 0x38355000)
 Metaspace       used 91057K, committed 91520K, reserved 98304K
}
Event: 107.142 GC heap after
{Heap after GC invocations=145 (full 7):
 def new generation   total 138880K, used 15424K [0x05800000, 0x0eeb0000, 0x25800000)
  eden space 123456K,   0% used [0x05800000, 0x05800000, 0x0d090000)
  from space 15424K, 100% used [0x0d090000, 0x0dfa0000, 0x0dfa0000)
  to   space 15424K,   0% used [0x0dfa0000, 0x0dfa0000, 0x0eeb0000)
 tenured generation   total 306516K, used 215846K [0x25800000, 0x38355000, 0x65800000)
   the space 306516K,  70% used [0x25800000, 0x32ac9938, 0x32ac9a00, 0x38355000)
 Metaspace       used 91057K, committed 91520K, reserved 98304K
}
Event: 107.275 GC heap before
{Heap before GC invocations=145 (full 7):
 def new generation   total 138880K, used 138880K [0x05800000, 0x0eeb0000, 0x25800000)
  eden space 123456K, 100% used [0x05800000, 0x0d090000, 0x0d090000)
  from space 15424K, 100% used [0x0d090000, 0x0dfa0000, 0x0dfa0000)
  to   space 15424K,   0% used [0x0dfa0000, 0x0dfa0000, 0x0eeb0000)
 tenured generation   total 306516K, used 215846K [0x25800000, 0x38355000, 0x65800000)
   the space 306516K,  70% used [0x25800000, 0x32ac9938, 0x32ac9a00, 0x38355000)
 Metaspace       used 91092K, committed 91520K, reserved 98304K
}
Event: 107.310 GC heap after
{Heap after GC invocations=146 (full 7):
 def new generation   total 138880K, used 2061K [0x05800000, 0x0eeb0000, 0x25800000)
  eden space 123456K,   0% used [0x05800000, 0x05800000, 0x0d090000)
  from space 15424K,  13% used [0x0dfa0000, 0x0e1a3698, 0x0eeb0000)
  to   space 15424K,   0% used [0x0d090000, 0x0d090000, 0x0dfa0000)
 tenured generation   total 306516K, used 231148K [0x25800000, 0x38355000, 0x65800000)
   the space 306516K,  75% used [0x25800000, 0x339bb3c8, 0x339bb400, 0x38355000)
 Metaspace       used 91092K, committed 91520K, reserved 98304K
}
Event: 107.968 GC heap before
{Heap before GC invocations=146 (full 7):
 def new generation   total 138880K, used 125517K [0x05800000, 0x0eeb0000, 0x25800000)
  eden space 123456K, 100% used [0x05800000, 0x0d090000, 0x0d090000)
  from space 15424K,  13% used [0x0dfa0000, 0x0e1a3698, 0x0eeb0000)
  to   space 15424K,   0% used [0x0d090000, 0x0d090000, 0x0dfa0000)
 tenured generation   total 306516K, used 231148K [0x25800000, 0x38355000, 0x65800000)
   the space 306516K,  75% used [0x25800000, 0x339bb3c8, 0x339bb400, 0x38355000)
 Metaspace       used 93451K, committed 93888K, reserved 98304K
}
Event: 108.010 GC heap after
{Heap after GC invocations=147 (full 7):
 def new generation   total 138880K, used 15424K [0x05800000, 0x0eeb0000, 0x25800000)
  eden space 123456K,   0% used [0x05800000, 0x05800000, 0x0d090000)
  from space 15424K, 100% used [0x0d090000, 0x0dfa0000, 0x0dfa0000)
  to   space 15424K,   0% used [0x0dfa0000, 0x0dfa0000, 0x0eeb0000)
 tenured generation   total 306516K, used 234380K [0x25800000, 0x38355000, 0x65800000)
   the space 306516K,  76% used [0x25800000, 0x33ce3138, 0x33ce3200, 0x38355000)
 Metaspace       used 93451K, committed 93888K, reserved 98304K
}
Event: 108.540 GC heap before
{Heap before GC invocations=147 (full 7):
 def new generation   total 138880K, used 138880K [0x05800000, 0x0eeb0000, 0x25800000)
  eden space 123456K, 100% used [0x05800000, 0x0d090000, 0x0d090000)
  from space 15424K, 100% used [0x0d090000, 0x0dfa0000, 0x0dfa0000)
  to   space 15424K,   0% used [0x0dfa0000, 0x0dfa0000, 0x0eeb0000)
 tenured generation   total 306516K, used 234380K [0x25800000, 0x38355000, 0x65800000)
   the space 306516K,  76% used [0x25800000, 0x33ce3138, 0x33ce3200, 0x38355000)
 Metaspace       used 94782K, committed 95232K, reserved 98304K
}
Event: 108.601 GC heap after
{Heap after GC invocations=148 (full 7):
 def new generation   total 138880K, used 11610K [0x05800000, 0x0eeb0000, 0x25800000)
  eden space 123456K,   0% used [0x05800000, 0x05800000, 0x0d090000)
  from space 15424K,  75% used [0x0dfa0000, 0x0eaf6a40, 0x0eeb0000)
  to   space 15424K,   0% used [0x0d090000, 0x0d090000, 0x0dfa0000)
 tenured generation   total 306516K, used 249520K [0x25800000, 0x38355000, 0x65800000)
   the space 306516K,  81% used [0x25800000, 0x34bac2b8, 0x34bac400, 0x38355000)
 Metaspace       used 94782K, committed 95232K, reserved 98304K
}
Event: 109.171 GC heap before
{Heap before GC invocations=148 (full 7):
 def new generation   total 138880K, used 135066K [0x05800000, 0x0eeb0000, 0x25800000)
  eden space 123456K, 100% used [0x05800000, 0x0d090000, 0x0d090000)
  from space 15424K,  75% used [0x0dfa0000, 0x0eaf6a40, 0x0eeb0000)
  to   space 15424K,   0% used [0x0d090000, 0x0d090000, 0x0dfa0000)
 tenured generation   total 306516K, used 249520K [0x25800000, 0x38355000, 0x65800000)
   the space 306516K,  81% used [0x25800000, 0x34bac2b8, 0x34bac400, 0x38355000)
 Metaspace       used 95376K, committed 95872K, reserved 98304K
}
Event: 109.230 GC heap after
{Heap after GC invocations=149 (full 7):
 def new generation   total 138880K, used 9579K [0x05800000, 0x0eeb0000, 0x25800000)
  eden space 123456K,   0% used [0x05800000, 0x05800000, 0x0d090000)
  from space 15424K,  62% used [0x0d090000, 0x0d9eae18, 0x0dfa0000)
  to   space 15424K,   0% used [0x0dfa0000, 0x0dfa0000, 0x0eeb0000)
 tenured generation   total 306516K, used 260941K [0x25800000, 0x38355000, 0x65800000)
   the space 306516K,  85% used [0x25800000, 0x356d3570, 0x356d3600, 0x38355000)
 Metaspace       used 95376K, committed 95872K, reserved 98304K
}
Event: 109.888 GC heap before
{Heap before GC invocations=149 (full 7):
 def new generation   total 138880K, used 133035K [0x05800000, 0x0eeb0000, 0x25800000)
  eden space 123456K, 100% used [0x05800000, 0x0d090000, 0x0d090000)
  from space 15424K,  62% used [0x0d090000, 0x0d9eae18, 0x0dfa0000)
  to   space 15424K,   0% used [0x0dfa0000, 0x0dfa0000, 0x0eeb0000)
 tenured generation   total 306516K, used 260941K [0x25800000, 0x38355000, 0x65800000)
   the space 306516K,  85% used [0x25800000, 0x356d3570, 0x356d3600, 0x38355000)
 Metaspace       used 96773K, committed 97344K, reserved 98304K
}
Event: 109.933 GC heap after
{Heap after GC invocations=150 (full 7):
 def new generation   total 138880K, used 10019K [0x05800000, 0x0eeb0000, 0x25800000)
  eden space 123456K,   0% used [0x05800000, 0x05800000, 0x0d090000)
  from space 15424K,  64% used [0x0dfa0000, 0x0e968ea0, 0x0eeb0000)
  to   space 15424K,   0% used [0x0d090000, 0x0d090000, 0x0dfa0000)
 tenured generation   total 306516K, used 265535K [0x25800000, 0x38355000, 0x65800000)
   the space 306516K,  86% used [0x25800000, 0x35b4fda8, 0x35b4fe00, 0x38355000)
 Metaspace       used 96773K, committed 97344K, reserved 98304K
}

